android/app/build/intermediates/manifest_merge_blame_file/debug/manifest-merger-blame-debug-report.txt
1<?xml version="1.0" encoding="utf-8"?>
2<manifest xmlns:android="http://schemas.android.com/apk/res/android"
3    package="com.beirut"
4    android:versionCode="1"
5    android:versionName="1.0" >
6
7    <uses-sdk
8        android:minSdkVersion="21"
9        android:targetSdkVersion="31" />
10
11    <uses-permission android:name="android.permission.SYSTEM_ALERT_WINDOW" />
11-->src/debug/AndroidManifest.xml:5:5-77
11-->src/debug/AndroidManifest.xml:5:22-75
12    <uses-permission android:name="android.permission.INTERNET" />
12-->src/main/AndroidManifest.xml:3:5-67
12-->src/main/AndroidManifest.xml:3:22-64
13
14    <queries>
14-->src/main/AndroidManifest.xml:5:5-10:15
15        <intent>
15-->src/main/AndroidManifest.xml:6:7-9:16
16            <action android:name="android.intent.action.VIEW" />
16-->src/main/AndroidManifest.xml:7:9-61
16-->src/main/AndroidManifest.xml:7:17-58
17
18            <data android:scheme="https" />
18-->src/main/AndroidManifest.xml:8:9-39
18-->src/main/AndroidManifest.xml:8:15-37
19        </intent>
20        <!-- Query open documents -->
21        <intent>
21-->[:expo-file-system] AndroidManifest.xml:17:9-19:18
22            <action android:name="android.intent.action.OPEN_DOCUMENT_TREE" />
22-->[:expo-file-system] AndroidManifest.xml:18:13-79
22-->[:expo-file-system] AndroidManifest.xml:18:21-76
23        </intent>
24        <intent>
24-->[net.openid:appauth:0.8.1] AndroidManifest.xml:27:9-33:18
25            <action android:name="android.intent.action.VIEW" />
25-->src/main/AndroidManifest.xml:7:9-61
25-->src/main/AndroidManifest.xml:7:17-58
26
27            <category android:name="android.intent.category.BROWSABLE" />
27-->src/main/AndroidManifest.xml:33:11-72
27-->src/main/AndroidManifest.xml:33:21-69
28
29            <data android:scheme="https" />
29-->src/main/AndroidManifest.xml:8:9-39
29-->src/main/AndroidManifest.xml:8:15-37
30        </intent>
31    </queries>
32
33    <uses-permission android:name="android.permission.ACCESS_WIFI_STATE" />
33-->[com.facebook.flipper:flipper:0.125.0] AndroidManifest.xml:16:5-76
33-->[com.facebook.flipper:flipper:0.125.0] AndroidManifest.xml:16:22-73
34    <uses-permission android:name="android.permission.WRITE_EXTERNAL_STORAGE" />
34-->[:expo-file-system] AndroidManifest.xml:11:5-81
34-->[:expo-file-system] AndroidManifest.xml:11:22-78
35    <uses-permission android:name="android.permission.READ_EXTERNAL_STORAGE" />
35-->[:expo-file-system] AndroidManifest.xml:12:5-80
35-->[:expo-file-system] AndroidManifest.xml:12:22-77
36    <uses-permission android:name="com.google.android.finsky.permission.BIND_GET_INSTALL_REFERRER_SERVICE" />
36-->[com.android.installreferrer:installreferrer:1.0] AndroidManifest.xml:9:5-110
36-->[com.android.installreferrer:installreferrer:1.0] AndroidManifest.xml:9:22-107
37
38    <application
38-->src/main/AndroidManifest.xml:12:5-37:19
39        android:name="com.beirut.MainApplication"
39-->src/main/AndroidManifest.xml:13:7-38
40        android:allowBackup="false"
40-->src/main/AndroidManifest.xml:17:7-34
41        android:appComponentFactory="androidx.core.app.CoreComponentFactory"
41-->[androidx.core:core:1.7.0] AndroidManifest.xml:24:18-86
42        android:debuggable="true"
43        android:icon="@mipmap/ic_launcher"
43-->src/main/AndroidManifest.xml:15:7-41
44        android:label="@string/app_name"
44-->src/main/AndroidManifest.xml:14:7-39
45        android:roundIcon="@mipmap/ic_launcher_round"
45-->src/main/AndroidManifest.xml:16:7-52
46        android:theme="@style/Theme.AppCompat.NoActionBar"
46-->src/main/AndroidManifest.xml:18:7-57
47        android:usesCleartextTraffic="true" >
47-->src/debug/AndroidManifest.xml:8:9-44
48        <activity
48-->src/debug/AndroidManifest.xml:11:9-111
49            android:name="com.facebook.react.devsupport.DevSettingsActivity"
49-->src/debug/AndroidManifest.xml:11:19-83
50            android:exported="false" />
50-->src/debug/AndroidManifest.xml:11:84-108
51        <activity
51-->src/main/AndroidManifest.xml:19:7-36:18
52            android:name="com.beirut.MainActivity"
52-->src/main/AndroidManifest.xml:20:9-37
53            android:configChanges="keyboard|keyboardHidden|orientation|screenLayout|screenSize|smallestScreenSize|uiMode"
53-->src/main/AndroidManifest.xml:22:9-118
54            android:exported="true"
54-->src/main/AndroidManifest.xml:25:9-32
55            android:label="@string/app_name"
55-->src/main/AndroidManifest.xml:21:9-41
56            android:launchMode="singleTask"
56-->src/main/AndroidManifest.xml:23:9-40
57            android:windowSoftInputMode="adjustResize" >
57-->src/main/AndroidManifest.xml:24:9-51
58            <intent-filter>
58-->src/main/AndroidManifest.xml:26:9-29:25
59                <action android:name="android.intent.action.MAIN" />
59-->src/main/AndroidManifest.xml:27:13-65
59-->src/main/AndroidManifest.xml:27:21-62
60
61                <category android:name="android.intent.category.LAUNCHER" />
61-->src/main/AndroidManifest.xml:28:13-73
61-->src/main/AndroidManifest.xml:28:23-70
62            </intent-filter>
63            <intent-filter>
63-->src/main/AndroidManifest.xml:30:9-35:23
64                <action android:name="android.intent.action.VIEW" />
64-->src/main/AndroidManifest.xml:7:9-61
64-->src/main/AndroidManifest.xml:7:17-58
65
66                <category android:name="android.intent.category.DEFAULT" />
66-->src/main/AndroidManifest.xml:32:11-70
66-->src/main/AndroidManifest.xml:32:21-67
67                <category android:name="android.intent.category.BROWSABLE" />
67-->src/main/AndroidManifest.xml:33:11-72
67-->src/main/AndroidManifest.xml:33:21-69
68
69                <data android:scheme="shopifyapi" />
69-->src/main/AndroidManifest.xml:8:9-39
69-->src/main/AndroidManifest.xml:8:15-37
70            </intent-filter>
71        </activity>
72
73        <provider
73-->[:expo-file-system] AndroidManifest.xml:23:9-32:20
74            android:name="expo.modules.filesystem.FileSystemFileProvider"
74-->[:expo-file-system] AndroidManifest.xml:24:13-74
75            android:authorities="com.beirut.FileSystemFileProvider"
75-->[:expo-file-system] AndroidManifest.xml:25:13-74
76            android:exported="false"
76-->[:expo-file-system] AndroidManifest.xml:26:13-37
77            android:grantUriPermissions="true" >
77-->[:expo-file-system] AndroidManifest.xml:27:13-47
78            <meta-data
78-->[:expo-file-system] AndroidManifest.xml:29:13-31:70
79                android:name="android.support.FILE_PROVIDER_PATHS"
79-->[:expo-file-system] AndroidManifest.xml:30:17-67
80                android:resource="@xml/file_system_provider_paths" />
80-->[:expo-file-system] AndroidManifest.xml:31:17-67
81        </provider>
82
83        <meta-data
83-->[:expo-modules-core] AndroidManifest.xml:10:9-12:89
84            android:name="org.unimodules.core.AppLoader#react-native-headless"
84-->[:expo-modules-core] AndroidManifest.xml:11:13-79
85            android:value="expo.modules.adapters.react.apploader.RNHeadlessAppLoader" />
85-->[:expo-modules-core] AndroidManifest.xml:12:13-86
86
87        <provider
87-->[androidx.emoji2:emoji2:1.0.0] AndroidManifest.xml:26:9-34:20
88            android:name="androidx.startup.InitializationProvider"
88-->[androidx.emoji2:emoji2:1.0.0] AndroidManifest.xml:27:13-67
89            android:authorities="com.beirut.androidx-startup"
89-->[androidx.emoji2:emoji2:1.0.0] AndroidManifest.xml:28:13-68
90            android:exported="false" >
90-->[androidx.emoji2:emoji2:1.0.0] AndroidManifest.xml:29:13-37
91            <meta-data
91-->[androidx.emoji2:emoji2:1.0.0] AndroidManifest.xml:31:13-33:52
92                android:name="androidx.emoji2.text.EmojiCompatInitializer"
92-->[androidx.emoji2:emoji2:1.0.0] AndroidManifest.xml:32:17-75
93                android:value="androidx.startup" />
93-->[androidx.emoji2:emoji2:1.0.0] AndroidManifest.xml:33:17-49
94            <meta-data
94-->[androidx.lifecycle:lifecycle-process:2.4.0] AndroidManifest.xml:31:13-33:52
95                android:name="androidx.lifecycle.ProcessLifecycleInitializer"
95-->[androidx.lifecycle:lifecycle-process:2.4.0] AndroidManifest.xml:32:17-78
96                android:value="androidx.startup" />
96-->[androidx.lifecycle:lifecycle-process:2.4.0] AndroidManifest.xml:33:17-49
97        </provider>
98
99        <activity
99-->[net.openid:appauth:0.8.1] AndroidManifest.xml:37:9-41:75
100            android:name="net.openid.appauth.AuthorizationManagementActivity"
100-->[net.openid:appauth:0.8.1] AndroidManifest.xml:38:13-78
101            android:exported="false"
101-->[net.openid:appauth:0.8.1] AndroidManifest.xml:39:13-37
102            android:launchMode="singleTask"
102-->[net.openid:appauth:0.8.1] AndroidManifest.xml:40:13-44
103            android:theme="@android:style/Theme.Translucent.NoTitleBar" />
103-->[net.openid:appauth:0.8.1] AndroidManifest.xml:41:13-72
104        <activity
104-->[net.openid:appauth:0.8.1] AndroidManifest.xml:42:9-53:20
105            android:name="net.openid.appauth.RedirectUriReceiverActivity"
105-->[net.openid:appauth:0.8.1] AndroidManifest.xml:43:13-74
106            android:exported="true" >
106-->[net.openid:appauth:0.8.1] AndroidManifest.xml:44:13-36
107            <intent-filter>
107-->[net.openid:appauth:0.8.1] AndroidManifest.xml:45:13-52:29
108                <action android:name="android.intent.action.VIEW" />
108-->src/main/AndroidManifest.xml:7:9-61
108-->src/main/AndroidManifest.xml:7:17-58
109
110                <category android:name="android.intent.category.DEFAULT" />
110-->src/main/AndroidManifest.xml:32:11-70
110-->src/main/AndroidManifest.xml:32:21-67
111                <category android:name="android.intent.category.BROWSABLE" />
111-->src/main/AndroidManifest.xml:33:11-72
111-->src/main/AndroidManifest.xml:33:21-69
112
113                <data android:scheme="com.beirut" />
113-->src/main/AndroidManifest.xml:8:9-39
113-->src/main/AndroidManifest.xml:8:15-37
114            </intent-filter>
115        </activity>
116    </application>
117
118</manifest>